[debug] [2021-03-29T07:18:45.174Z] ----------------------------------------------------------------------
[debug] [2021-03-29T07:18:45.176Z] Command:       C:\Program Files\nodejs\node.exe C:\Users\jsc92\AppData\Roaming\npm\node_modules\firebase-tools\lib\bin\firebase.js init
[debug] [2021-03-29T07:18:45.176Z] CLI Version:   9.6.1
[debug] [2021-03-29T07:18:45.177Z] Platform:      win32
[debug] [2021-03-29T07:18:45.177Z] Node Version:  v14.15.0
[debug] [2021-03-29T07:18:45.177Z] Time:          Mon Mar 29 2021 16:18:45 GMT+0900 (대한민국 표준시)
[debug] [2021-03-29T07:18:45.177Z] ----------------------------------------------------------------------
[debug] [2021-03-29T07:18:45.178Z] 
[debug] [2021-03-29T07:18:45.182Z] > command requires scopes: ["email","openid","https://www.googleapis.com/auth/cloudplatformprojects.readonly","https://www.googleapis.com/auth/firebase","https://www.googleapis.com/auth/cloud-platform"]
[debug] [2021-03-29T07:18:45.182Z] > authorizing via signed-in user
[info] 
     ######## #### ########  ######## ########     ###     ######  ########
     ##        ##  ##     ## ##       ##     ##  ##   ##  ##       ##
     ######    ##  ########  ######   ########  #########  ######  ######
     ##        ##  ##    ##  ##       ##     ## ##     ##       ## ##
     ##       #### ##     ## ######## ########  ##     ##  ######  ########

You're about to initialize a Firebase project in this directory:

  C:\Users\jsc92\OneDrive\바탕 화면\GridaV2_project\GridaBoard2

Before we get started, keep in mind:

  * You are initializing in an existing Firebase project directory

